<?xml version="1.0" encoding="UTF-8"?>
<testsuite name="racingcar.ApplicationTest" tests="2" skipped="0" failures="0" errors="0" timestamp="2025-01-04T17:26:10" hostname="DEAKTOP-JANE" time="1.501">
  <properties/>
  <testcase name="예외_테스트()" classname="racingcar.ApplicationTest" time="0.111"/>
  <testcase name="기능_테스트()" classname="racingcar.ApplicationTest" time="1.387"/>
  <system-out><![CDATA[경주할 자동차 이름을 입력하세요. (이름은 쉼표(,) 기준으로 구분)
Mockito is currently self-attaching to enable the inline-mock-maker. This will no longer work in future releases of the JDK. Please add Mockito as an agent to your build what is described in Mockito's documentation: https://javadoc.io/doc/org.mockito/mockito-core/latest/org/mockito/Mockito.html#0.3
Mockito is currently self-attaching to enable the inline-mock-maker. This will no longer work in future releases of the JDK. Please add Mockito as an agent to your build what is described in Mockito's documentation: https://javadoc.io/doc/org.mockito/mockito-core/latest/org/mockito/Mockito.html#0.3
경주할 자동차 이름을 입력하세요. (이름은 쉼표(,) 기준으로 구분)
시도할 횟수는 몇 회인가요?

실행결과
pobi : -
woni : 

최종 우승자 : pobi
]]></system-out>
  <system-err><![CDATA[WARNING: A Java agent has been loaded dynamically (C:\Users\HH_amd\.gradle\caches\modules-2\files-2.1\net.bytebuddy\byte-buddy-agent\1.15.3\e619d89ed41a6cedc23bee3549cec8c4ffdaee7b\byte-buddy-agent-1.15.3.jar)
WARNING: If a serviceability tool is in use, please run with -XX:+EnableDynamicAgentLoading to hide this warning
WARNING: If a serviceability tool is not in use, please run with -Djdk.instrument.traceUsage for more information
WARNING: Dynamic loading of agents will be disallowed by default in a future release
]]></system-err>
</testsuite>
